[2018-01-08T19:44:30.990] [INFO] resLogger - 
*************** response log start ***************
request method: GET
request originalUrl:  /test/uploadPage
request client ip:  ::ffff:127.0.0.1
request query:  {}
response time: 15
response status: 200
response body: 
"<!DOCTYPE html>\n<html>\n<head>\n    <title>文件上传测试</title>\n    <link rel=\"stylesheet\" href=\"/output/dist/css/admin.css\">\n</head>\n<body>\ntest\n</body>\n</html>\n"
*************** response log end ***************

[2018-01-08T19:44:31.014] [INFO] resLogger - 
*************** response log start ***************
request method: GET
request originalUrl:  /output/dist/css/admin.css
request client ip:  ::ffff:127.0.0.1
request query:  {}
response time: 1
response status: 200
response body: 
{"_readableState":{"objectMode":false,"highWaterMark":65536,"buffer":{"head":null,"tail":null,"length":0},"length":0,"pipes":null,"pipesCount":0,"flowing":null,"ended":false,"endEmitted":false,"reading":false,"sync":true,"needReadable":false,"emittedReadable":false,"readableListening":false,"resumeScheduled":false,"destroyed":false,"defaultEncoding":"utf8","awaitDrain":0,"readingMore":false,"decoder":null,"encoding":null},"readable":true,"domain":null,"_events":{},"_eventsCount":2,"path":"E:\\nodejs\\koa2\\static\\output\\dist\\css\\admin.css","fd":null,"flags":"r","mode":438,"autoClose":true,"bytesRead":0}
*************** response log end ***************

[2018-01-08T19:54:27.497] [INFO] resLogger - 
*************** response log start ***************
request method: GET
request originalUrl:  /test/uploadPage
request client ip:  ::ffff:127.0.0.1
request query:  {}
response time: 16
response status: 200
response body: 
"<!DOCTYPE html>\n<html>\n<head>\n    <title>文件上传测试</title>\n    <link rel=\"stylesheet\" href=\"/output/dist/css/admin.css\">\n</head>\n<body>\n<form action=\"/test/uploadFile\" method=\"post\" enctype=\"multipart/form-data\">\n  <input type=\"file\" name=\"img\" multiple=\"multiple\" />\n  <button id=\"upload\" type=\"submit\">上传</button>\n</form>\n\n</body>\n</html>\n"
*************** response log end ***************

[2018-01-08T19:54:27.514] [INFO] resLogger - 
*************** response log start ***************
request method: GET
request originalUrl:  /output/dist/css/admin.css
request client ip:  ::ffff:127.0.0.1
request query:  {}
response time: 2
response status: 200
response body: 
{"_readableState":{"objectMode":false,"highWaterMark":65536,"buffer":{"head":null,"tail":null,"length":0},"length":0,"pipes":null,"pipesCount":0,"flowing":null,"ended":false,"endEmitted":false,"reading":false,"sync":true,"needReadable":false,"emittedReadable":false,"readableListening":false,"resumeScheduled":false,"destroyed":false,"defaultEncoding":"utf8","awaitDrain":0,"readingMore":false,"decoder":null,"encoding":null},"readable":true,"domain":null,"_events":{},"_eventsCount":2,"path":"E:\\nodejs\\koa2\\static\\output\\dist\\css\\admin.css","fd":null,"flags":"r","mode":438,"autoClose":true,"bytesRead":0}
*************** response log end ***************

[2018-01-08T19:54:33.227] [INFO] resLogger - 
*************** response log start ***************
request method: POST
request originalUrl:  /test/uploadFile
request client ip:  ::ffff:127.0.0.1
request body: 
{}
response time: 1
response status: 405
response body: 
undefined
*************** response log end ***************

[2018-01-08T20:00:36.301] [INFO] resLogger - 
*************** response log start ***************
request method: POST
request originalUrl:  /test/uploadFile
request client ip:  ::ffff:127.0.0.1
request body: 
{}
response time: 20
response status: 200
response body: 
{"success":true,"message":"文件上传成功","data":{"pictureUrl":"//localhost:3001/image/album/82c938ef25317.png"}}
*************** response log end ***************

[2018-01-08T20:04:10.771] [INFO] resLogger - 
*************** response log start ***************
request method: GET
request originalUrl:  /test/uploadPage
request client ip:  ::ffff:127.0.0.1
request query:  {}
response time: 11
response status: 200
response body: 
"<!DOCTYPE html>\n<html>\n<head>\n    <title>文件上传测试</title>\n    <link rel=\"stylesheet\" href=\"/output/dist/css/admin.css\">\n</head>\n<body>\n<form action=\"/test/uploadFile\" method=\"post\" enctype=\"multipart/form-data\">\n  <input type=\"file\" name=\"img\" multiple=\"multiple\" />\n  <button id=\"upload\" type=\"submit\">上传</button>\n</form>\n\n</body>\n</html>\n"
*************** response log end ***************

[2018-01-08T20:04:10.787] [INFO] resLogger - 
*************** response log start ***************
request method: GET
request originalUrl:  /output/dist/css/admin.css
request client ip:  ::ffff:127.0.0.1
request query:  {}
response time: 2
response status: 200
response body: 
{"_readableState":{"objectMode":false,"highWaterMark":65536,"buffer":{"head":null,"tail":null,"length":0},"length":0,"pipes":null,"pipesCount":0,"flowing":null,"ended":false,"endEmitted":false,"reading":false,"sync":true,"needReadable":false,"emittedReadable":false,"readableListening":false,"resumeScheduled":false,"destroyed":false,"defaultEncoding":"utf8","awaitDrain":0,"readingMore":false,"decoder":null,"encoding":null},"readable":true,"domain":null,"_events":{},"_eventsCount":2,"path":"E:\\nodejs\\koa2\\static\\output\\dist\\css\\admin.css","fd":null,"flags":"r","mode":438,"autoClose":true,"bytesRead":0}
*************** response log end ***************

[2018-01-08T20:04:17.775] [INFO] resLogger - 
*************** response log start ***************
request method: POST
request originalUrl:  /test/uploadFile
request client ip:  ::ffff:127.0.0.1
request body: 
{}
response time: 4
response status: 200
response body: 
{"success":true,"message":"文件上传成功","data":{"pictureUrl":"//localhost:3001/image/album/82e76b4a297f.png"}}
*************** response log end ***************

[2018-01-08T20:06:19.703] [INFO] resLogger - 
*************** response log start ***************
request method: GET
request originalUrl:  /test/uploadPage
request client ip:  ::ffff:127.0.0.1
request query:  {}
response time: 14
response status: 200
response body: 
"<!DOCTYPE html>\n<html>\n<head>\n    <title>文件上传测试</title>\n    <link rel=\"stylesheet\" href=\"/output/dist/css/admin.css\">\n</head>\n<body>\n<form action=\"/test/uploadFile\" method=\"post\" enctype=\"multipart/form-data\">\n  <input type=\"file\" name=\"img\" multiple=\"multiple\" />\n  <button id=\"upload\" type=\"submit\">上传</button>\n</form>\n\n</body>\n</html>\n"
*************** response log end ***************

[2018-01-08T20:06:19.728] [INFO] resLogger - 
*************** response log start ***************
request method: GET
request originalUrl:  /output/dist/css/admin.css
request client ip:  ::ffff:127.0.0.1
request query:  {}
response time: 3
response status: 200
response body: 
{"_readableState":{"objectMode":false,"highWaterMark":65536,"buffer":{"head":null,"tail":null,"length":0},"length":0,"pipes":null,"pipesCount":0,"flowing":null,"ended":false,"endEmitted":false,"reading":false,"sync":true,"needReadable":false,"emittedReadable":false,"readableListening":false,"resumeScheduled":false,"destroyed":false,"defaultEncoding":"utf8","awaitDrain":0,"readingMore":false,"decoder":null,"encoding":null},"readable":true,"domain":null,"_events":{},"_eventsCount":2,"path":"E:\\nodejs\\koa2\\static\\output\\dist\\css\\admin.css","fd":null,"flags":"r","mode":438,"autoClose":true,"bytesRead":0}
*************** response log end ***************

[2018-01-08T20:06:40.525] [INFO] resLogger - 
*************** response log start ***************
request method: GET
request originalUrl:  /test/uploadPage
request client ip:  ::ffff:127.0.0.1
request query:  {}
response time: 16
response status: 200
response body: 
"<!DOCTYPE html>\n<html>\n<head>\n    <title>文件上传测试</title>\n    <link rel=\"stylesheet\" href=\"/output/dist/css/admin.css\">\n</head>\n<body>\n<form action=\"/test/uploadFile\" method=\"post\" enctype=\"multipart/form-data\">\n  <input type=\"file\" name=\"img\" multiple=\"multiple\" />\n  <button id=\"upload\" type=\"submit\">上传</button>\n</form>\n\n</body>\n</html>\n"
*************** response log end ***************

[2018-01-08T20:06:40.543] [INFO] resLogger - 
*************** response log start ***************
request method: GET
request originalUrl:  /output/dist/css/admin.css
request client ip:  ::ffff:127.0.0.1
request query:  {}
response time: 3
response status: 200
response body: 
{"_readableState":{"objectMode":false,"highWaterMark":65536,"buffer":{"head":null,"tail":null,"length":0},"length":0,"pipes":null,"pipesCount":0,"flowing":null,"ended":false,"endEmitted":false,"reading":false,"sync":true,"needReadable":false,"emittedReadable":false,"readableListening":false,"resumeScheduled":false,"destroyed":false,"defaultEncoding":"utf8","awaitDrain":0,"readingMore":false,"decoder":null,"encoding":null},"readable":true,"domain":null,"_events":{},"_eventsCount":2,"path":"E:\\nodejs\\koa2\\static\\output\\dist\\css\\admin.css","fd":null,"flags":"r","mode":438,"autoClose":true,"bytesRead":0}
*************** response log end ***************

[2018-01-08T20:06:54.666] [INFO] resLogger - 
*************** response log start ***************
request method: GET
request originalUrl:  /test/uploadPage
request client ip:  ::ffff:127.0.0.1
request query:  {}
response time: 19
response status: 200
response body: 
"<!DOCTYPE html>\n<html>\n<head>\n    <title>文件上传测试</title>\n    <link rel=\"stylesheet\" href=\"/output/dist/css/admin.css\">\n</head>\n<body>\n<form action=\"/test/uploadFile\" method=\"post\" enctype=\"multipart/form-data\">\n  <input type=\"file\" name=\"img\" multiple=\"multiple\" />\n  <button id=\"upload\" type=\"submit\">上传</button>\n</form>\n\n</body>\n</html>\n"
*************** response log end ***************

[2018-01-08T20:06:54.682] [INFO] resLogger - 
*************** response log start ***************
request method: GET
request originalUrl:  /output/dist/css/admin.css
request client ip:  ::ffff:127.0.0.1
request query:  {}
response time: 2
response status: 200
response body: 
{"_readableState":{"objectMode":false,"highWaterMark":65536,"buffer":{"head":null,"tail":null,"length":0},"length":0,"pipes":null,"pipesCount":0,"flowing":null,"ended":false,"endEmitted":false,"reading":false,"sync":true,"needReadable":false,"emittedReadable":false,"readableListening":false,"resumeScheduled":false,"destroyed":false,"defaultEncoding":"utf8","awaitDrain":0,"readingMore":false,"decoder":null,"encoding":null},"readable":true,"domain":null,"_events":{},"_eventsCount":2,"path":"E:\\nodejs\\koa2\\static\\output\\dist\\css\\admin.css","fd":null,"flags":"r","mode":438,"autoClose":true,"bytesRead":0}
*************** response log end ***************

[2018-01-08T20:06:58.380] [INFO] resLogger - 
*************** response log start ***************
request method: POST
request originalUrl:  /test/uploadFile
request client ip:  ::ffff:127.0.0.1
request body: 
{}
response time: 13
response status: 200
response body: 
{"success":true,"message":"文件上传成功","data":{"pictureUrl":"//localhost:3001/image/album/b9ec44c1f7a8c.png"}}
*************** response log end ***************

