[2018-01-15T19:13:12.636] [INFO] resLogger - 
*************** response log start ***************
request method: POST
request originalUrl:  /user/sendIdCode
request client ip:  ::ffff:127.0.0.1
request body: 
{"email":"1364137942@qq.com"}
response time: 972
response status: 200
response body: 
{"code":0,"msg":"send IdCode success"}
*************** response log end ***************

[2018-01-15T19:18:02.656] [INFO] resLogger - 
*************** response log start ***************
request method: POST
request originalUrl:  /user/register
request client ip:  ::ffff:127.0.0.1
request body: 
{"email":"1364137942@qq.com","studentId":"20141002496","studentPass":"230639","password":"123456","idCode":"8I7Q","username":"alizjli"}
response time: 37
response status: 200
response body: 
{"code":0,"msg":"register success"}
*************** response log end ***************

[2018-01-15T19:19:28.903] [INFO] resLogger - 
*************** response log start ***************
request method: POST
request originalUrl:  /user/register
request client ip:  ::ffff:127.0.0.1
request body: 
{"email":"1364137942@qq.com","studentId":"20141002496","studentPass":"230639","password":"123456","idCode":"8I7Q","username":"alizjli"}
response time: 33
response status: 200
response body: 
{"code":0,"msg":"register success"}
*************** response log end ***************

[2018-01-15T19:20:22.323] [INFO] resLogger - 
*************** response log start ***************
request method: POST
request originalUrl:  /user/register
request client ip:  ::ffff:127.0.0.1
request body: 
{"email":"1364137942@qq.com","studentId":"20141002496","studentPass":"230639","password":"123456","idCode":"8I7Q","username":"alizjli"}
response time: 38
response status: 200
response body: 
{"code":0,"msg":"register success"}
*************** response log end ***************

[2018-01-15T19:20:45.174] [INFO] resLogger - 
*************** response log start ***************
request method: POST
request originalUrl:  /user/register
request client ip:  ::ffff:127.0.0.1
request body: 
{"email":"1364137942@qq.com","studentId":"20141002496","studentPass":"230639","password":"123456","idCode":"8I7Q","username":"alizjli"}
response time: 3187
response status: 200
response body: 
{"code":0,"msg":"register success"}
*************** response log end ***************

[2018-01-15T19:34:38.353] [INFO] resLogger - 
*************** response log start ***************
request method: POST
request originalUrl:  /user/login
request client ip:  ::ffff:127.0.0.1
request body: 
{"email":"1364137942@qq.com","studentId":"20141002496","studentPass":"230639","password":"123456","idCode":"8I7Q","username":"alizjli"}
response time: 14
response status: 404
response body: 
undefined
*************** response log end ***************

[2018-01-15T19:36:37.128] [INFO] resLogger - 
*************** response log start ***************
request method: POST
request originalUrl:  /user/login
request client ip:  ::ffff:127.0.0.1
request body: 
{"email":"1364137942@qq.com","password":"123456"}
response time: 24
response status: 200
response body: 
{"code":0,"msg":"login success"}
*************** response log end ***************

[2018-01-15T19:38:04.388] [INFO] resLogger - 
*************** response log start ***************
request method: POST
request originalUrl:  /user/login
request client ip:  ::ffff:127.0.0.1
request body: 
{"email":"1364137942@qq.com","password":"123456"}
response time: 26
response status: 200
response body: 
{"code":0,"msg":"login success"}
*************** response log end ***************

[2018-01-15T19:38:22.549] [INFO] resLogger - 
*************** response log start ***************
request method: POST
request originalUrl:  /admin/login
request client ip:  ::ffff:127.0.0.1
request body: 
{"user":"admin","password":"123456"}
response time: 6
response status: 200
response body: 
{"code":-1,"msg":"管理员登录失败"}
*************** response log end ***************

[2018-01-15T19:38:27.921] [INFO] resLogger - 
*************** response log start ***************
request method: POST
request originalUrl:  /admin/login
request client ip:  ::ffff:127.0.0.1
request body: 
{"user":"admin","password":"123456"}
response time: 6
response status: 200
response body: 
{"code":-1,"msg":"管理员登录失败"}
*************** response log end ***************

[2018-01-15T19:39:08.073] [INFO] resLogger - 
*************** response log start ***************
request method: POST
request originalUrl:  /admin/login
request client ip:  ::ffff:127.0.0.1
request body: 
{"user":"admin","password":"123456"}
response time: 4
response status: 200
response body: 
{"code":0,"msg":"admin login success"}
*************** response log end ***************

[2018-01-15T19:39:17.700] [INFO] resLogger - 
*************** response log start ***************
request method: POST
request originalUrl:  /admin/login
request client ip:  ::ffff:127.0.0.1
request body: 
{"user":"admin","password":"123456"}
response time: 3
response status: 200
response body: 
{"code":0,"msg":"admin login success"}
*************** response log end ***************

[2018-01-15T19:39:26.434] [INFO] resLogger - 
*************** response log start ***************
request method: POST
request originalUrl:  /user/login
request client ip:  ::ffff:127.0.0.1
request body: 
{"email":"1364137942@qq.com","password":"123456"}
response time: 4
response status: 200
response body: 
{"code":0,"msg":"login success"}
*************** response log end ***************

[2018-01-15T19:39:46.426] [INFO] resLogger - 
*************** response log start ***************
request method: POST
request originalUrl:  /admin/login
request client ip:  ::ffff:127.0.0.1
request body: 
{"user":"admin","password":"123456"}
response time: 2
response status: 200
response body: 
{"code":0,"msg":"admin login success"}
*************** response log end ***************

[2018-01-15T20:09:34.165] [INFO] resLogger - 
*************** response log start ***************
request method: POST
request originalUrl:  /user/sendIdCode
request client ip:  ::ffff:127.0.0.1
request body: 
{"email":"1364137942@qq.com"}
response time: 878
response status: 200
response body: 
{"code":0,"msg":"send IdCode success"}
*************** response log end ***************

[2018-01-15T20:10:24.187] [INFO] resLogger - 
*************** response log start ***************
request method: POST
request originalUrl:  /user/login
request client ip:  ::ffff:127.0.0.1
request body: 
{"email":"1364137942@qq.com","password":"111111","idCode":"71QS"}
response time: 5
response status: 200
response body: 
{"code":-1,"msg":"login fail"}
*************** response log end ***************

[2018-01-15T20:10:42.391] [INFO] resLogger - 
*************** response log start ***************
request method: POST
request originalUrl:  /user/forgetPass
request client ip:  ::ffff:127.0.0.1
request body: 
{"email":"1364137942@qq.com","password":"111111","idCode":"71QS"}
response time: 2
response status: 404
response body: 
undefined
*************** response log end ***************

[2018-01-15T20:14:00.253] [INFO] resLogger - 
*************** response log start ***************
request method: POST
request originalUrl:  /user/sendIdCode
request client ip:  ::ffff:127.0.0.1
request body: 
{"email":"1364137942@qq.com"}
response time: 655
response status: 200
response body: 
{"code":0,"msg":"send IdCode success"}
*************** response log end ***************

[2018-01-15T20:14:11.489] [INFO] resLogger - 
*************** response log start ***************
request method: POST
request originalUrl:  /user/forgetPass
request client ip:  ::ffff:127.0.0.1
request body: 
{"email":"1364137942@qq.com","password":"111111","idCode":"H97Q"}
response time: 12
response status: 200
response body: 
{"code":0,"msg":"reset password success"}
*************** response log end ***************

